0 -1.49548e-09 -1.1305e-06 7.88527e-18 9.99851e-06
10.6061 -1.1574e-09 -2.00519e-06 7.885e-18 9.99884e-06
21.2121 -8.95497e-10 -2.68191e-06 7.88479e-18 9.9991e-06
31.8182 -6.92755e-10 -3.20546e-06 7.88463e-18 9.99931e-06
42.4242 -5.35898e-10 -3.61051e-06 7.88451e-18 9.99946e-06
53.0303 -4.1458e-10 -3.9239e-06 7.88441e-18 9.99959e-06
63.6364 -3.20767e-10 -4.16637e-06 7.88434e-18 9.99968e-06
74.2424 -2.48227e-10 -4.35397e-06 7.88428e-18 9.99975e-06
84.8485 -1.92138e-10 -4.49912e-06 7.88424e-18 9.99981e-06
95.4545 -1.48768e-10 -4.6114e-06 7.8842e-18 9.99985e-06
106.061 -1.15237e-10 -4.69823e-06 7.88418e-18 9.99988e-06
116.667 -8.93185e-11 -4.76536e-06 7.88416e-18 9.99991e-06
127.273 -6.92952e-11 -4.8172e-06 7.88414e-18 9.99993e-06
137.879 -5.38429e-11 -4.85719e-06 7.88413e-18 9.99995e-06
148.485 -4.19409e-11 -4.88797e-06 7.88412e-18 9.99996e-06
159.091 -3.28045e-11 -4.91158e-06 7.88411e-18 9.99997e-06
169.697 -2.58314e-11 -4.92958e-06 7.88411e-18 9.99997e-06
180.303 -2.05627e-11 -4.94315e-06 7.8841e-18 9.99998e-06
190.909 -1.66516e-11 -4.95321e-06 7.8841e-18 9.99998e-06
201.515 -1.38405e-11 -4.96043e-06 7.8841e-18 9.99999e-06
212.121 -1.19447e-11 -4.96527e-06 7.8841e-18 9.99999e-06
222.727 -1.08396e-11 -4.96807e-06 7.88409e-18 9.99999e-06
233.333 -1.04529e-11 -4.96902e-06 7.88409e-18 9.99999e-06
243.939 -1.07602e-11 -4.96818e-06 7.88409e-18 9.99999e-06
254.545 -1.17831e-11 -4.9655e-06 7.8841e-18 9.99999e-06
265.152 -1.35907e-11 -4.9608e-06 7.8841e-18 9.99999e-06
275.758 -1.63046e-11 -4.95378e-06 7.8841e-18 9.99998e-06
286.364 -2.01065e-11 -4.94397e-06 7.8841e-18 9.99998e-06
296.97 -2.52502e-11 -4.93072e-06 7.88411e-18 9.99997e-06
307.576 -3.20783e-11 -4.91316e-06 7.88411e-18 9.99997e-06
318.182 -4.10447e-11 -4.8901e-06 7.88412e-18 9.99996e-06
328.788 -5.27438e-11 -4.86002e-06 7.88413e-18 9.99995e-06
339.394 -6.79502e-11 -4.82093e-06 7.88414e-18 9.99993e-06
350 -8.76687e-11 -4.77021e-06 7.88415e-18 9.99991e-06
360.606 -1.13201e-10 -4.70449e-06 7.88417e-18 9.99989e-06
371.212 -1.4623e-10 -4.61941e-06 7.8842e-18 9.99985e-06
381.818 -1.88932e-10 -4.50932e-06 7.88423e-18 9.99981e-06
392.424 -2.4412e-10 -4.36691e-06 7.88428e-18 9.99976e-06
403.03 -3.15429e-10 -4.18274e-06 7.88433e-18 9.99969e-06
413.636 -4.07556e-10 -3.94462e-06 7.88441e-18 9.99959e-06
424.242 -5.26572e-10 -3.63679e-06 7.8845e-18 9.99947e-06
434.848 -6.80326e-10 -3.23889e-06 7.88462e-18 9.99932e-06
445.455 -8.78961e-10 -2.72462e-06 7.88478e-18 9.99912e-06
456.061 -1.13559e-09 -2.06e-06 7.88498e-18 9.99886e-06
466.667 -1.46717e-09 -1.20114e-06 7.88524e-18 9.99853e-06
477.273 -1.89561e-09 -9.13168e-08 7.88558e-18 9.9981e-06
487.879 -2.44926e-09 1.34275e-06 7.88602e-18 9.99755e-06
498.485 -3.16474e-09 3.19576e-06 7.88658e-18 9.99683e-06
509.091 -4.08938e-09 5.5901e-06 7.88732e-18 9.99591e-06
519.697 -5.28437e-09 8.68392e-06 7.88826e-18 9.99471e-06
530.303 -6.82875e-09 1.26816e-05 7.88948e-18 9.99317e-06
540.909 -8.82462e-09 1.78474e-05 7.89106e-18 9.99117e-06
551.515 -1.14038e-08 2.45226e-05 7.89309e-18 9.98859e-06
562.121 -1.47365e-08 3.31485e-05 7.89573e-18 9.98526e-06
572.727 -1.90423e-08 4.4295e-05 7.89913e-18 9.98096e-06
583.333 -2.46043e-08 5.86987e-05 7.90354e-18 9.9754e-06
593.939 -3.17873e-08 7.7311e-05 7.90923e-18 9.96822e-06
604.545 -4.10611e-08 0.00010136 7.91659e-18 9.95895e-06
615.152 -5.30299e-08 0.000132433 7.92611e-18 9.94699e-06
625.758 -6.84697e-08 0.000172577 7.93843e-18 9.93156e-06
636.364 -8.83758e-08 0.000224433 7.95437e-18 9.91166e-06
646.97 -1.14021e-07 0.000291405 7.975e-18 9.88602e-06
657.576 -1.47031e-07 0.00037788 8.00172e-18 9.85302e-06
668.182 -1.8947e-07 0.000489506 8.03635e-18 9.81057e-06
678.788 -2.43952e-07 0.00063354 8.08125e-18 9.75607e-06
689.394 -3.13762e-07 0.000819302 8.13952e-18 9.68624e-06
700 -4.02995e-07 0.00105873 8.21526e-18 9.59696e-06
710.606 -5.16703e-07 0.0013671 8.31384e-18 9.48318e-06
721.212 -6.61023e-07 0.00176384 8.44241e-18 9.33879e-06
731.818 -8.43267e-07 0.00227365 8.61055e-18 9.15646e-06
742.424 -1.07191e-06 0.00292771 8.83118e-18 8.92774e-06
753.03 -1.35638e-06 0.00376511 9.12192e-18 8.64324e-06
763.636 -1.7066e-06 0.00483452 9.50718e-18 8.29304e-06
774.242 -2.13208e-06 0.00619585 1.00212e-17 7.86771e-06
784.848 -2.64044e-06 0.00792186 1.07131e-17 7.35964e-06
795.455 -3.23537e-06 0.0100995 1.16547e-17 6.76517e-06
806.061 -3.91412e-06 0.0128306 1.29533e-17 6.08701e-06
816.667 -4.66496e-06 0.0162312 1.47743e-17 5.33683e-06
827.273 -5.46549e-06 0.0204297 1.73796e-17 4.53689e-06
837.879 -6.28287e-06 0.0255631 2.11971e-17 3.71987e-06
848.485 -7.07693e-06 0.0317712 2.69506e-17 2.92579e-06
859.091 -7.80633e-06 0.0391898 3.59083e-17 2.19595e-06
869.697 -8.43627e-06 0.0479436 5.03794e-17 1.5652e-06
880.303 -8.94538e-06 0.0581405 7.474e-17 1.05505e-06
890.909 -9.32906e-06 0.0698675 1.17641e-16 6.70304e-07
901.515 -9.59806e-06 0.0831903 1.96956e-16 4.0037e-07
912.121 -9.77328e-06 0.0981547 3.51368e-16 2.24425e-07
922.727 -9.87929e-06 0.114791 6.6871e-16 1.17922e-07
933.333 -9.93887e-06 0.133117 1.35863e-15 5.80407e-08
943.939 -9.97e-06 0.153143 2.94799e-15 2.67491e-08
954.545 -9.98513e-06 0.174875 6.83279e-15 1.15408e-08
965.152 -9.99197e-06 0.198314 1.69185e-14 4.66093e-09
975.758 -9.99485e-06 0.223462 4.47548e-14 1.76196e-09
986.364 -9.99599e-06 0.250321 1.26484e-13 6.23446e-10
996.97 -9.9964e-06 0.278889 3.81907e-13 2.0648e-10
1007.58 0 0.309166 0 0
1018.18 0 0.339444 0 0
1028.79 0 0.369722 0 0
1039.39 0 0.4 0 0
1050 0 0.4 0 0
