0 -1.17542e-09 -1.95681e-06 7.88501e-18 9.99882e-06
20.7071 -7.15077e-10 -3.14723e-06 7.88465e-18 9.99928e-06
41.4141 -4.35017e-10 -3.87143e-06 7.88443e-18 9.99956e-06
62.1212 -2.64641e-10 -4.31198e-06 7.88429e-18 9.99974e-06
82.8283 -1.60993e-10 -4.57999e-06 7.88421e-18 9.99984e-06
103.535 -9.79386e-11 -4.74303e-06 7.88416e-18 9.9999e-06
124.242 -5.95801e-11 -4.84222e-06 7.88413e-18 9.99994e-06
144.949 -3.6245e-11 -4.90256e-06 7.88411e-18 9.99996e-06
165.657 -2.20493e-11 -4.93926e-06 7.8841e-18 9.99998e-06
186.364 -1.34134e-11 -4.96159e-06 7.8841e-18 9.99999e-06
207.071 -8.15991e-12 -4.97518e-06 7.88409e-18 9.99999e-06
227.778 -4.964e-12 -4.98344e-06 7.88409e-18 1e-05
248.485 -3.0198e-12 -4.98847e-06 7.88409e-18 1e-05
269.192 -1.83706e-12 -4.99152e-06 7.88409e-18 1e-05
289.899 -1.11756e-12 -4.99338e-06 7.88409e-18 1e-05
310.606 -6.79855e-13 -4.99452e-06 7.88409e-18 1e-05
331.313 -4.13583e-13 -4.99521e-06 7.88409e-18 1e-05
352.02 -2.51599e-13 -4.99562e-06 7.88409e-18 1e-05
372.727 -1.53057e-13 -4.99588e-06 7.88409e-18 1e-05
393.434 -9.31105e-14 -4.99603e-06 7.88409e-18 1e-05
414.141 -5.66427e-14 -4.99613e-06 7.88409e-18 1e-05
434.848 -3.44579e-14 -4.99619e-06 7.88409e-18 1e-05
455.556 -2.09622e-14 -4.99622e-06 7.88409e-18 1e-05
476.263 -1.27522e-14 -4.99624e-06 7.88409e-18 1e-05
496.97 -7.75777e-15 -4.99625e-06 7.88409e-18 1e-05
517.677 -4.71953e-15 -4.99626e-06 7.88409e-18 1e-05
538.384 -2.87134e-15 -4.99627e-06 7.88409e-18 1e-05
559.091 -1.74718e-15 -4.99627e-06 7.88409e-18 1e-05
579.798 -1.06359e-15 -4.99627e-06 7.88409e-18 1e-05
600.505 -6.48193e-16 -4.99627e-06 7.88409e-18 1e-05
621.212 -3.96247e-16 -4.99627e-06 7.88409e-18 1e-05
641.919 -2.44201e-16 -4.99627e-06 7.88409e-18 1e-05
662.626 -1.5369e-16 -4.99627e-06 7.88409e-18 1e-05
683.333 -1.01867e-16 -4.99627e-06 7.88409e-18 1e-05
704.04 -7.56397e-17 -4.99627e-06 7.88409e-18 1e-05
724.747 -6.8382e-17 -4.99627e-06 7.88409e-18 1e-05
745.455 -7.82775e-17 -4.99627e-06 7.88409e-18 1e-05
766.162 -1.07869e-16 -4.99627e-06 7.88409e-18 1e-05
786.869 -1.64711e-16 -4.99627e-06 7.88409e-18 1e-05
807.576 -2.63279e-16 -4.99627e-06 7.88409e-18 1e-05
828.283 -4.28608e-16 -4.99627e-06 7.88409e-18 1e-05
848.99 -7.0258e-16 -4.99627e-06 7.88409e-18 1e-05
869.697 -1.15442e-15 -4.99627e-06 7.88409e-18 1e-05
890.404 -1.89809e-15 -4.99627e-06 7.88409e-18 1e-05
911.111 -3.12092e-15 -4.99627e-06 7.88409e-18 1e-05
931.818 -5.13072e-15 -4.99626e-06 7.88409e-18 1e-05
952.525 -8.43337e-15 -4.99625e-06 7.88409e-18 1e-05
973.232 -1.38604e-14 -4.99624e-06 7.88409e-18 1e-05
993.939 -2.27787e-14 -4.99622e-06 7.88409e-18 1e-05
1014.65 -3.74359e-14 -4.99618e-06 7.88409e-18 1e-05
1035.35 -6.15275e-14 -4.99612e-06 7.88409e-18 1e-05
1056.06 -1.01129e-13 -4.99601e-06 7.88409e-18 1e-05
1076.77 -1.66231e-13 -4.99584e-06 7.88409e-18 1e-05
1097.47 -2.73256e-13 -4.99557e-06 7.88409e-18 1e-05
1118.18 -4.49201e-13 -4.99511e-06 7.88409e-18 1e-05
1138.89 -7.38444e-13 -4.99437e-06 7.88409e-18 1e-05
1159.6 -1.21393e-12 -4.99314e-06 7.88409e-18 1e-05
1180.3 -1.99556e-12 -4.99111e-06 7.88409e-18 1e-05
1201.01 -3.28042e-12 -4.98779e-06 7.88409e-18 1e-05
1221.72 -5.39246e-12 -4.98233e-06 7.88409e-18 9.99999e-06
1242.42 -8.86417e-12 -4.97336e-06 7.88409e-18 9.99999e-06
1263.13 -1.45709e-11 -4.9586e-06 7.8841e-18 9.99999e-06
1283.84 -2.39515e-11 -4.93434e-06 7.8841e-18 9.99998e-06
1304.55 -3.93714e-11 -4.89447e-06 7.88412e-18 9.99996e-06
1325.25 -6.47187e-11 -4.82893e-06 7.88414e-18 9.99994e-06
1345.96 -1.06385e-10 -4.72119e-06 7.88417e-18 9.99989e-06
1366.67 -1.74877e-10 -4.54408e-06 7.88422e-18 9.99983e-06
1387.37 -2.87466e-10 -4.25296e-06 7.88431e-18 9.99971e-06
1408.08 -4.72539e-10 -3.7744e-06 7.88446e-18 9.99953e-06
1428.79 -7.76759e-10 -2.98775e-06 7.8847e-18 9.99922e-06
1449.49 -1.27681e-09 -1.69464e-06 7.88509e-18 9.99872e-06
1470.2 -2.09874e-09 4.30955e-07 7.88574e-18 9.9979e-06
1490.91 -3.44964e-09 3.92495e-06 7.88681e-18 9.99655e-06
1511.62 -5.66975e-09 9.66813e-06 7.88856e-18 9.99433e-06
1532.32 -9.31779e-09 1.9108e-05 7.89144e-18 9.99068e-06
1553.03 -1.53107e-08 3.46232e-05 7.89618e-18 9.98469e-06
1573.74 -2.51518e-08 6.0121e-05 7.90397e-18 9.97485e-06
1594.44 -4.13013e-08 0.000102018 7.91679e-18 9.9587e-06
1615.15 -6.77741e-08 0.000170844 7.93789e-18 9.93223e-06
1635.86 -1.11091e-07 0.000283859 7.97267e-18 9.88891e-06
1656.57 -1.81762e-07 0.000469306 8.03007e-18 9.81824e-06
1677.27 -2.96503e-07 0.000773262 8.12504e-18 9.7035e-06
1697.98 -4.81338e-07 0.00127054 8.28284e-18 9.51866e-06
1718.69 -7.75298e-07 0.00208166 8.54684e-18 9.2247e-06
1739.39 -1.23326e-06 0.00339827 8.9934e-18 8.76674e-06
1760.1 -1.92359e-06 0.00551898 9.76225e-18 8.07639e-06
1780.81 -2.91189e-06 0.00889388 1.11236e-17 7.0881e-06
1801.52 -4.21972e-06 0.0141674 1.36407e-17 5.7803e-06
1822.22 -5.76213e-06 0.0221921 1.86057e-17 4.23793e-06
1842.93 -7.31324e-06 0.0339738 2.93474e-17 2.68684e-06
1863.64 -8.58353e-06 0.0505238 5.5667e-17 1.41653e-06
1884.34 -9.39856e-06 0.0726703 1.31112e-16 6.01433e-07
1905.05 -9.79847e-06 0.100945 3.9141e-16 2.01466e-07
1925.76 -9.9472e-06 0.135608 1.49605e-15 5.27094e-08
1946.46 -9.98917e-06 0.176757 7.34878e-15 1.07305e-08
1967.17 -9.9982e-06 0.224418 4.64405e-14 1.698e-09
1987.88 -9.99969e-06 0.278599 3.77652e-13 2.08806e-10
2008.59 0 0.339299 0 0
2029.29 0 0.4 0 0
2050 0 0.4 0 0
