0 -2.39548e-09 1.15396e-06 7.88596e-18 9.99762e-06
5.55556 -2.89151e-09 2.42043e-06 7.88635e-18 9.99713e-06
11.1111 -3.43289e-09 3.82273e-06 7.88678e-18 9.99659e-06
16.6667 -4.03264e-09 5.38626e-06 7.88725e-18 9.99599e-06
22.2222 -4.70373e-09 7.13915e-06 7.88779e-18 9.99531e-06
27.7778 -5.45972e-09 9.11285e-06 7.88839e-18 9.99454e-06
33.3333 -6.31515e-09 1.13428e-05 7.88907e-18 9.99368e-06
38.8889 -7.28598e-09 1.38691e-05 7.88984e-18 9.99271e-06
44.4444 -8.39001e-09 1.67374e-05 7.89072e-18 9.9916e-06
50 -9.64731e-09 1.99993e-05 7.89171e-18 9.99034e-06
55.5556 -1.10806e-08 2.3714e-05 7.89285e-18 9.9889e-06
61.1111 -1.27157e-08 2.79485e-05 7.89414e-18 9.98727e-06
66.6667 -1.4582e-08 3.27798e-05 7.89562e-18 9.9854e-06
72.2222 -1.67132e-08 3.82953e-05 7.8973e-18 9.98327e-06
77.7778 -1.91476e-08 4.45952e-05 7.89922e-18 9.98084e-06
83.3333 -2.19291e-08 5.17936e-05 7.90142e-18 9.97806e-06
88.8889 -2.51075e-08 6.00211e-05 7.90394e-18 9.97489e-06
94.4444 -2.87402e-08 6.9427e-05 7.90682e-18 9.97126e-06
100 -3.28921e-08 8.01817e-05 7.91011e-18 9.96711e-06
105.556 -3.76378e-08 9.24801e-05 7.91387e-18 9.96237e-06
111.111 -4.3062e-08 0.000106545 7.91818e-18 9.95696e-06
116.667 -4.92615e-08 0.000122631 7.9231e-18 9.95076e-06
122.222 -5.63468e-08 0.000141029 7.92875e-18 9.94368e-06
127.778 -6.44434e-08 0.000162072 7.9352e-18 9.9356e-06
133.333 -7.36947e-08 0.000186139 7.94259e-18 9.92635e-06
138.889 -8.42636e-08 0.000213665 7.95105e-18 9.91579e-06
144.444 -9.63356e-08 0.000245146 7.96074e-18 9.90373e-06
150 -1.10121e-07 0.000281149 7.97184e-18 9.88995e-06
155.556 -1.2586e-07 0.00032232 7.98454e-18 9.87421e-06
161.111 -1.43824e-07 0.000369399 7.9991e-18 9.85625e-06
166.667 -1.64321e-07 0.000423228 8.01577e-18 9.83575e-06
172.222 -1.87698e-07 0.000484769 8.03487e-18 9.81237e-06
177.778 -2.14351e-07 0.000555119 8.05677e-18 9.78571e-06
183.333 -2.44722e-07 0.00063553 8.08187e-18 9.75532e-06
188.889 -2.79312e-07 0.000727427 8.11065e-18 9.72071e-06
194.444 -3.18683e-07 0.000832432 8.14366e-18 9.68132e-06
200 -3.63462e-07 0.000952394 8.18154e-18 9.63651e-06
205.556 -4.14353e-07 0.00108941 8.22501e-18 9.58558e-06
211.111 -4.72136e-07 0.00124588 8.27495e-18 9.52775e-06
216.667 -5.37676e-07 0.0014245 8.33232e-18 9.46215e-06
222.222 -6.11924e-07 0.00162836 8.39828e-18 9.38785e-06
227.778 -6.95924e-07 0.00186093 8.47418e-18 9.30378e-06
233.333 -7.90809e-07 0.00212617 8.56157e-18 9.20883e-06
238.889 -8.978e-07 0.00242851 8.66229e-18 9.10178e-06
244.444 -1.0182e-06 0.00277299 8.77848e-18 8.98132e-06
250 -1.15338e-06 0.00316526 8.9127e-18 8.8461e-06
255.556 -1.30477e-06 0.00361165 9.06793e-18 8.69469e-06
261.111 -1.4738e-06 0.00411927 9.24775e-18 8.52565e-06
266.667 -1.66191e-06 0.00469606 9.4564e-18 8.33757e-06
272.222 -1.87047e-06 0.00535085 9.69897e-18 8.12908e-06
277.778 -2.10074e-06 0.00609341 9.9816e-18 7.89894e-06
283.333 -2.35375e-06 0.00693457 1.03117e-17 7.6461e-06
288.889 -2.63029e-06 0.00788619 1.06984e-17 7.3698e-06
294.444 -2.93074e-06 0.00896126 1.11526e-17 7.06965e-06
300 -3.25501e-06 0.0101739 1.16882e-17 6.74574e-06
305.556 -3.60241e-06 0.0115393 1.23221e-17 6.39875e-06
311.111 -3.97157e-06 0.0130737 1.30757e-17 6.03005e-06
316.667 -4.36032e-06 0.0147946 1.39757e-17 5.64176e-06
322.222 -4.76569e-06 0.0167201 1.50564e-17 5.23686e-06
327.778 -5.18384e-06 0.0188693 1.63616e-17 4.81914e-06
333.333 -5.61013e-06 0.0212618 1.7948e-17 4.3932e-06
338.889 -6.03927e-06 0.0239176 1.98899e-17 3.96432e-06
344.444 -6.46543e-06 0.0268568 2.22849e-17 3.53831e-06
350 -6.8825e-06 0.0300995 2.5263e-17 3.12122e-06
355.556 -7.28444e-06 0.0336653 2.89993e-17 2.7191e-06
361.111 -7.66554e-06 0.0375729 3.37313e-17 2.33767e-06
366.667 -8.02076e-06 0.0418403 3.97852e-17 1.98197e-06
372.222 -8.34603e-06 0.0464842 4.76141e-17 1.6561e-06
377.778 -8.63844e-06 0.0515198 5.78534e-17 1.363e-06
383.333 -8.89638e-06 0.0569607 7.14058e-17 1.10431e-06
388.889 -9.11954e-06 0.0628193 8.95679e-17 8.8039e-07
394.444 -9.30884e-06 0.0691058 1.14225e-16 6.90348e-07
400 -9.46623e-06 0.0758292 1.48153e-16 5.32257e-07
405.556 -9.59448e-06 0.0829968 1.95488e-16 4.03377e-07
411.111 -9.69689e-06 0.0906148 2.6248e-16 3.00425e-07
416.667 -9.77702e-06 0.0986878 3.58688e-16 2.19845e-07
422.222 -9.83844e-06 0.10722 4.98938e-16 1.58047e-07
427.778 -9.88458e-06 0.116213 7.06532e-16 1.1161e-07
433.333 -9.91855e-06 0.125671 1.01862e-15 7.74149e-08
438.889 -9.94306e-06 0.135594 1.49523e-15 5.27384e-08
444.444 -9.9604e-06 0.145983 2.23483e-15 3.5285e-08
450 -9.97241e-06 0.15684 3.40122e-15 2.31846e-08
455.556 -9.98058e-06 0.168165 5.27092e-15 1.49606e-08
461.111 -9.98602e-06 0.179959 8.31777e-15 9.48043e-09
466.667 -9.98957e-06 0.192221 1.3366e-14 5.89977e-09
472.222 -9.99185e-06 0.204951 2.1871e-14 3.60551e-09
477.778 -9.99328e-06 0.218151 3.64431e-14 2.16382e-09
483.333 -9.99416e-06 0.23182 6.18358e-14 1.27525e-09
488.889 -9.9947e-06 0.245958 1.06842e-13 7.3806e-10
494.444 -9.99502e-06 0.260565 1.87987e-13 4.19477e-10
500 -9.9952e-06 0.27564 3.36815e-13 2.34123e-10
505.556 0 0.291185 0 0
511.111 0 0.30673 0 0
516.667 0 0.322275 0 0
522.222 0 0.33782 0 0
527.778 0 0.353365 0 0
533.333 0 0.36891 0 0
538.889 0 0.384455 0 0
544.444 0 0.4 0 0
550 0 0.4 0 0
