0 -9.99999e-06 -30.5575 0 0
202.525 -9.99999e-06 -60.4913 0 0
405.051 -9.99999e-06 -89.8014 0 0
607.576 -9.99999e-06 -118.488 0 0
810.101 -9.99999e-06 -146.55 0 0
1012.63 -9.99999e-06 -173.99 0 0
1215.15 -9.99999e-06 -200.805 0 0
1417.68 -9.99999e-06 -226.996 0 0
1620.2 -9.99999e-06 -252.564 0 0
1822.73 -9.99998e-06 -277.509 0 0
2025.25 -9.99997e-06 -301.829 0 0
2227.78 -9.99996e-06 -325.526 0 0
2430.3 -9.99994e-06 -348.599 0 0
2632.83 -9.99993e-06 -371.049 0 0
2835.35 -9.99991e-06 -392.874 0 0
3037.88 -9.9999e-06 -414.076 0 0
3240.4 -9.99988e-06 -434.655 0 0
3442.93 -9.99986e-06 -454.609 0 0
3645.45 -9.99984e-06 -473.94 0 0
3847.98 -9.99982e-06 -492.648 0 0
4050.51 -9.99981e-06 -510.731 0 0
4253.03 -9.99979e-06 -528.191 0 0
4455.56 -9.99977e-06 -545.028 0 0
4658.08 -9.99975e-06 -561.24 0 0
4860.61 -9.99973e-06 -576.829 0 0
5063.13 -9.99972e-06 -591.794 0 0
5265.66 -9.9997e-06 -606.136 0 0
5468.18 -9.99968e-06 -619.854 0 0
5670.71 -9.99967e-06 -632.948 0 0
5873.23 -9.99965e-06 -645.418 0 0
6075.76 -9.99964e-06 -657.265 0 0
6278.28 -9.99963e-06 -668.488 0 0
6480.81 -9.99961e-06 -679.088 0 0
6683.33 -9.9996e-06 -689.064 0 0
6885.86 -9.99959e-06 -698.416 0 0
7088.38 -9.99958e-06 -707.144 0 0
7290.91 -9.99957e-06 -715.249 0 0
7493.43 -9.99956e-06 -722.73 0 0
7695.96 -9.99956e-06 -729.588 0 0
7898.48 -9.99955e-06 -735.822 0 0
8101.01 -9.99954e-06 -741.432 0 0
8303.54 -9.99954e-06 -746.418 0 0
8506.06 -9.99954e-06 -750.781 0 0
8708.59 -9.99954e-06 -754.52 0 0
8911.11 -9.99954e-06 -757.636 0 0
9113.64 -9.99954e-06 -760.127 0 0
9316.16 -9.99954e-06 -761.996 0 0
9518.69 -9.99954e-06 -763.24 0 0
9721.21 -9.99954e-06 -763.861 0 0
9923.74 -9.99955e-06 -763.858 0 0
10126.3 -9.99955e-06 -763.231 0 0
10328.8 -9.99956e-06 -761.981 0 0
10531.3 -9.99957e-06 -760.107 0 0
10733.8 -9.99957e-06 -757.61 0 0
10936.4 -9.99958e-06 -754.489 0 0
11138.9 -9.99959e-06 -750.744 0 0
11341.4 -9.99961e-06 -746.375 0 0
11543.9 -9.99962e-06 -741.383 0 0
11746.5 -9.99963e-06 -735.767 0 0
11949 -9.99964e-06 -729.528 0 0
12151.5 -9.99966e-06 -722.664 0 0
12354 -9.99967e-06 -715.177 0 0
12556.6 -9.99969e-06 -707.067 0 0
12759.1 -9.99971e-06 -698.333 0 0
12961.6 -9.99972e-06 -688.975 0 0
13164.1 -9.99974e-06 -678.993 0 0
13366.7 -9.99976e-06 -668.388 0 0
13569.2 -9.99978e-06 -657.159 0 0
13771.7 -9.9998e-06 -645.306 0 0
13974.2 -9.99981e-06 -632.83 0 0
14176.8 -9.99983e-06 -619.73 0 0
14379.3 -1.00381e-05 -606.006 0 0
14581.8 -9.99987e-06 -591.656 0 0
14784.3 -9.99989e-06 -576.683 0 0
14986.9 -9.99991e-06 -561.085 0 0
15189.4 -9.99992e-06 -544.865 0 0
15391.9 -9.99994e-06 -528.02 0 0
15594.4 -9.99996e-06 -510.552 0 0
15797 -9.99997e-06 -492.46 0 0
15999.5 -9.99998e-06 -473.744 0 0
16202 -9.99999e-06 -454.405 0 0
16404.5 -9.99999e-06 -434.442 0 0
16607.1 -9.99999e-06 -413.855 0 0
16809.6 -9.99999e-06 -392.645 0 0
17012.1 -9.99999e-06 -370.811 0 0
17214.6 -9.99999e-06 -348.353 0 0
17417.2 -9.99999e-06 -325.271 0 0
17619.7 -9.99999e-06 -301.566 0 0
17822.2 -9.99999e-06 -277.237 0 0
18024.7 -9.99999e-06 -252.285 0 0
18227.3 -9.99999e-06 -226.708 0 0
18429.8 -9.99999e-06 -200.508 0 0
18632.3 -9.99999e-06 -173.685 0 0
18834.8 -9.99999e-06 -146.237 0 0
19037.4 -9.99999e-06 -118.166 0 0
19239.9 -9.99999e-06 -89.4713 0 0
19442.4 -9.99999e-06 -60.1529 0 0
19644.9 -1.0094e-05 -30.2107 0 0
19847.5 -9.99991e-06 0.361 9.14889e-12 8.6192e-12
20050 0 0.361 0 0
